add content
Today is 20191011 ,it is still a nice day!
Today is 2019101103:06 ,it is still a nice day!
Today is 2019101120:30 ,it is still a nice day!
Today is 2019101122:15 ,it is still a nice day!
Today is 2019101209:00 ,it is still a nice day!
Today is 2019101209:30 ,it is still a nice day!
Today is 2019101210:00 ,it is still a nice day!
Today is 2019101210:30 ,it is still a nice day!
Today is 2019101211:00 ,it is still a nice day!
Today is 2019101211:30 ,it is still a nice day!
Today is 2019101309:00 ,it is still a nice day!
Today is 2019101309:30 ,it is still a nice day!
Today is 2019101310:00 ,it is still a nice day!
Today is 2019101310:30 ,it is still a nice day!
Today is 2019101311:00 ,it is still a nice day!
Today is 2019101311:30 ,it is still a nice day!
Today is  ,it is still a nice day.Because of my webwork is still alive!
Today is 2019101320:59 ,it is still a nice day.Because of my webwork is still alive!
Today is 2019101400:00 ,it is still a nice day.Because of my webwork is still alive!
Today is 2019101400:01 ,it is still a nice day.Because of my webwork is still alive!
Today is 2019101400:02 ,it is still a nice day.Because of my webwork is still alive!
Today is 2019101400:03 ,it is still a nice day.Because of my webwork is still alive!
Today is 2019101400:04 ,it is still a nice day.Because of my webwork is still alive!
Today is 2019101400:05 ,it is still a nice day.Because of my webwork is still alive!
Today is 2019101400:06 ,it is still a nice day.Because of my webwork is still alive!
Today is 2019101400:07 ,it is still a nice day.Because of my webwork is still alive!
Today is 2019101400:08 ,it is still a nice day.Because of my webwork is still alive!
Today is 2019101400:09 ,it is still a nice day.Because of my webwork is still alive!
Today is 2019101400:10 ,it is still a nice day.Because of my webwork is still alive!
Today is 2019101400:11 ,it is still a nice day.Because of my webwork is still alive!
Today is 2019101400:12 ,it is still a nice day.Because of my webwork is still alive!
Today is 2019101400:13 ,it is still a nice day.Because of my webwork is still alive!
Today is 2019101400:14 ,it is still a nice day.Because of my webwork is still alive!
Today is 2019101400:15 ,it is still a nice day.Because of my webwork is still alive!
Today is 2019101400:16 ,it is still a nice day.Because of my webwork is still alive!
Today is 2019101400:17 ,it is still a nice day.Because of my webwork is still alive!
Today is 2019101400:18 ,it is still a nice day.Because of my webwork is still alive!
Today is 2019101400:19 ,it is still a nice day.Because of my webwork is still alive!
Today is 2019101400:20 ,it is still a nice day.Because of my webwork is still alive!
Today is 2019101400:21 ,it is still a nice day.Because of my webwork is still alive!
Today is 2019101400:22 ,it is still a nice day.Because of my webwork is still alive!
Today is 2019101400:23 ,it is still a nice day.Because of my webwork is still alive!
Today is 2019101400:24 ,it is still a nice day.Because of my webwork is still alive!
Today is 2019101400:25 ,it is still a nice day.Because of my webwork is still alive!
Today is 2019101400:26 ,it is still a nice day.Because of my webwork is still alive!
Today is 2019101400:27 ,it is still a nice day.Because of my webwork is still alive!
Today is 2019101400:28 ,it is still a nice day.Because of my webwork is still alive!
Today is 2019101400:29 ,it is still a nice day.Because of my webwork is still alive!
Today is 2019101400:30 ,it is still a nice day.Because of my webwork is still alive!
Today is 2019101400:31 ,it is still a nice day.Because of my webwork is still alive!
Today is 2019101400:32 ,it is still a nice day.Because of my webwork is still alive!
Today is 2019101400:33 ,it is still a nice day.Because of my webwork is still alive!
Today is 2019101400:34 ,it is still a nice day.Because of my webwork is still alive!
Today is 2019101400:35 ,it is still a nice day.Because of my webwork is still alive!
Today is 2019101400:36 ,it is still a nice day.Because of my webwork is still alive!
Today is 2019101400:37 ,it is still a nice day.Because of my webwork is still alive!
Today is 2019101400:38 ,it is still a nice day.Because of my webwork is still alive!
Today is 2019101400:39 ,it is still a nice day.Because of my webwork is still alive!
Today is 2019101400:40 ,it is still a nice day.Because of my webwork is still alive!
